\BOOKMARK [1][-]{section.1}{\376\377\000I\000n\000t\000r\000o\000d\000u\000c\000c\000i\000\363\000n}{}% 1
\BOOKMARK [2][-]{subsection.1.1}{\376\377\000C\000o\000n\000t\000e\000x\000t\000o\000\040\000y\000\040\000P\000r\000o\000b\000l\000e\000m\000a}{section.1}% 2
\BOOKMARK [2][-]{subsection.1.2}{\376\377\000O\000b\000j\000e\000t\000i\000v\000o\000s}{section.1}% 3
\BOOKMARK [3][-]{subsubsection.1.2.1}{\376\377\000O\000b\000j\000e\000t\000i\000v\000o\000\040\000G\000e\000n\000e\000r\000a\000l}{subsection.1.2}% 4
\BOOKMARK [3][-]{subsubsection.1.2.2}{\376\377\000O\000b\000j\000e\000t\000i\000v\000o\000s\000\040\000E\000s\000p\000e\000c\000\355\000f\000i\000c\000o\000s}{subsection.1.2}% 5
\BOOKMARK [2][-]{subsection.1.3}{\376\377\000A\000l\000c\000a\000n\000c\000e}{section.1}% 6
\BOOKMARK [1][-]{section.2}{\376\377\000P\000l\000a\000n\000\040\000d\000e\000\040\000T\000r\000a\000b\000a\000j\000o}{}% 7
\BOOKMARK [2][-]{subsection.2.1}{\376\377\000M\000e\000t\000o\000d\000o\000l\000o\000g\000\355\000a}{section.2}% 8
\BOOKMARK [2][-]{subsection.2.2}{\376\377\000C\000r\000o\000n\000o\000g\000r\000a\000m\000a}{section.2}% 9
\BOOKMARK [2][-]{subsection.2.3}{\376\377\000D\000i\000s\000t\000r\000i\000b\000u\000c\000i\000\363\000n\000\040\000d\000e\000\040\000T\000r\000a\000b\000a\000j\000o}{section.2}% 10
\BOOKMARK [1][-]{section.3}{\376\377\000D\000i\000s\000e\000\361\000o\000\040\000d\000e\000\040\000l\000a\000\040\000B\000a\000s\000e\000\040\000d\000e\000\040\000D\000a\000t\000o\000s}{}% 11
\BOOKMARK [2][-]{subsection.3.1}{\376\377\000M\000o\000d\000e\000l\000o\000\040\000E\000n\000t\000i\000d\000a\000d\000-\000R\000e\000l\000a\000c\000i\000\363\000n}{section.3}% 12
\BOOKMARK [2][-]{subsection.3.2}{\376\377\000M\000o\000d\000e\000l\000o\000\040\000R\000e\000l\000a\000c\000i\000o\000n\000a\000l}{section.3}% 13
\BOOKMARK [2][-]{subsection.3.3}{\376\377\000D\000i\000c\000c\000i\000o\000n\000a\000r\000i\000o\000\040\000d\000e\000\040\000D\000a\000t\000o\000s}{section.3}% 14
\BOOKMARK [1][-]{section.4}{\376\377\000I\000m\000p\000l\000e\000m\000e\000n\000t\000a\000c\000i\000\363\000n}{}% 15
\BOOKMARK [2][-]{subsection.4.1}{\376\377\000S\000c\000r\000i\000p\000t\000\040\000d\000e\000\040\000C\000r\000e\000a\000c\000i\000\363\000n}{section.4}% 16
\BOOKMARK [2][-]{subsection.4.2}{\376\377\000R\000e\000s\000t\000r\000i\000c\000c\000i\000o\000n\000e\000s\000\040\000e\000\040\000I\000n\000t\000e\000g\000r\000i\000d\000a\000d}{section.4}% 17
\BOOKMARK [2][-]{subsection.4.3}{\376\377\000\315\000n\000d\000i\000c\000e\000s}{section.4}% 18
\BOOKMARK [2][-]{subsection.4.4}{\376\377\000T\000r\000i\000g\000g\000e\000r\000s\000\040\000y\000\040\000F\000u\000n\000c\000i\000o\000n\000e\000s}{section.4}% 19
\BOOKMARK [2][-]{subsection.4.5}{\376\377\000V\000i\000s\000t\000a\000s}{section.4}% 20
\BOOKMARK [1][-]{section.5}{\376\377\000A\000p\000l\000i\000c\000a\000c\000i\000\363\000n}{}% 21
\BOOKMARK [2][-]{subsection.5.1}{\376\377\000D\000a\000s\000h\000b\000o\000a\000r\000d}{section.5}% 22
\BOOKMARK [2][-]{subsection.5.2}{\376\377\000M\000a\000n\000u\000a\000l\000\040\000d\000e\000\040\000U\000s\000u\000a\000r\000i\000o\000\040\000B\000\341\000s\000i\000c\000o}{section.5}% 23
\BOOKMARK [3][-]{subsubsection.5.2.1}{\376\377\000R\000e\000g\000i\000s\000t\000r\000a\000r\000\040\000u\000n\000a\000\040\000V\000e\000n\000t\000a}{subsection.5.2}% 24
\BOOKMARK [3][-]{subsubsection.5.2.2}{\376\377\000C\000o\000n\000s\000u\000l\000t\000a\000r\000\040\000S\000t\000o\000c\000k}{subsection.5.2}% 25
\BOOKMARK [1][-]{section.6}{\376\377\000R\000e\000s\000u\000l\000t\000a\000d\000o\000s}{}% 26
\BOOKMARK [2][-]{subsection.6.1}{\376\377\000R\000e\000s\000u\000l\000t\000a\000d\000o\000s\000\040\000O\000b\000t\000e\000n\000i\000d\000o\000s}{section.6}% 27
\BOOKMARK [2][-]{subsection.6.2}{\376\377\000D\000i\000f\000i\000c\000u\000l\000t\000a\000d\000e\000s\000\040\000y\000\040\000S\000o\000l\000u\000c\000i\000o\000n\000e\000s}{section.6}% 28
\BOOKMARK [2][-]{subsection.6.3}{\376\377\000T\000r\000a\000b\000a\000j\000o\000\040\000F\000u\000t\000u\000r\000o}{section.6}% 29
\BOOKMARK [1][-]{section.7}{\376\377\000C\000o\000n\000c\000l\000u\000s\000i\000o\000n\000e\000s}{}% 30
\BOOKMARK [2][-]{subsection.7.1}{\376\377\000C\000o\000n\000c\000l\000u\000s\000i\000o\000n\000e\000s\000\040\000P\000e\000r\000s\000o\000n\000a\000l\000e\000s}{section.7}% 31
\BOOKMARK [1][-]{appendix.Alph1}{\376\377\000C\000\363\000d\000i\000g\000o\000\040\000C\000o\000m\000p\000l\000e\000t\000o}{}% 32
\BOOKMARK [2][-]{subsection.Alph1.1}{\376\377\000S\000c\000r\000i\000p\000t\000s\000\040\000S\000Q\000L}{appendix.Alph1}% 33
