This is pdfTeX, Version 3.14159265-2.6-1.40.18 (TeX Live 2017/Debian) (preloaded format=pdflatex 2020.5.22)  22 MAY 2020 22:34
entering extended mode
 restricted \write18 enabled.
 %&-line parsing enabled.
**DocumentoFinal.tex
(./DocumentoFinal.tex
LaTeX2e <2017-04-15>
Babel <3.18> and hyphenation patterns for 5 language(s) loaded.
(/usr/share/texlive/texmf-dist/tex/latex/base/article.cls
Document Class: article 2014/09/29 v1.4h Standard LaTeX document class
(/usr/share/texlive/texmf-dist/tex/latex/base/size12.clo
File: size12.clo 2014/09/29 v1.4h Standard LaTeX file (size option)
)
\c@part=\count79
\c@section=\count80
\c@subsection=\count81
\c@subsubsection=\count82
\c@paragraph=\count83
\c@subparagraph=\count84
\c@figure=\count85
\c@table=\count86
\abovecaptionskip=\skip41
\belowcaptionskip=\skip42
\bibindent=\dimen102
)
(/usr/share/texlive/texmf-dist/tex/latex/base/inputenc.sty
Package: inputenc 2015/03/17 v1.2c Input encoding file
\inpenc@prehook=\toks14
\inpenc@posthook=\toks15

(/usr/share/texlive/texmf-dist/tex/latex/base/utf8.def
File: utf8.def 2017/01/28 v1.1t UTF-8 support for inputenc
Now handling font encoding OML ...
... no UTF-8 mapping file for font encoding OML
Now handling font encoding T1 ...
... processing UTF-8 mapping file for font encoding T1

(/usr/share/texlive/texmf-dist/tex/latex/base/t1enc.dfu
File: t1enc.dfu 2017/01/28 v1.1t UTF-8 support for inputenc
   defining Unicode char U+00A0 (decimal 160)
   defining Unicode char U+00A1 (decimal 161)
   defining Unicode char U+00A3 (decimal 163)
   defining Unicode char U+00AB (decimal 171)
   defining Unicode char U+00AD (decimal 173)
   defining Unicode char U+00BB (decimal 187)
   defining Unicode char U+00BF (decimal 191)
   defining Unicode char U+00C0 (decimal 192)
   defining Unicode char U+00C1 (decimal 193)
   defining Unicode char U+00C2 (decimal 194)
   defining Unicode char U+00C3 (decimal 195)
   defining Unicode char U+00C4 (decimal 196)
   defining Unicode char U+00C5 (decimal 197)
   defining Unicode char U+00C6 (decimal 198)
   defining Unicode char U+00C7 (decimal 199)
   defining Unicode char U+00C8 (decimal 200)
   defining Unicode char U+00C9 (decimal 201)
   defining Unicode char U+00CA (decimal 202)
   defining Unicode char U+00CB (decimal 203)
   defining Unicode char U+00CC (decimal 204)
   defining Unicode char U+00CD (decimal 205)
   defining Unicode char U+00CE (decimal 206)
   defining Unicode char U+00CF (decimal 207)
   defining Unicode char U+00D0 (decimal 208)
   defining Unicode char U+00D1 (decimal 209)
   defining Unicode char U+00D2 (decimal 210)
   defining Unicode char U+00D3 (decimal 211)
   defining Unicode char U+00D4 (decimal 212)
   defining Unicode char U+00D5 (decimal 213)
   defining Unicode char U+00D6 (decimal 214)
   defining Unicode char U+00D8 (decimal 216)
   defining Unicode char U+00D9 (decimal 217)
   defining Unicode char U+00DA (decimal 218)
   defining Unicode char U+00DB (decimal 219)
   defining Unicode char U+00DC (decimal 220)
   defining Unicode char U+00DD (decimal 221)
   defining Unicode char U+00DE (decimal 222)
   defining Unicode char U+00DF (decimal 223)
   defining Unicode char U+00E0 (decimal 224)
   defining Unicode char U+00E1 (decimal 225)
   defining Unicode char U+00E2 (decimal 226)
   defining Unicode char U+00E3 (decimal 227)
   defining Unicode char U+00E4 (decimal 228)
   defining Unicode char U+00E5 (decimal 229)
   defining Unicode char U+00E6 (decimal 230)
   defining Unicode char U+00E7 (decimal 231)
   defining Unicode char U+00E8 (decimal 232)
   defining Unicode char U+00E9 (decimal 233)
   defining Unicode char U+00EA (decimal 234)
   defining Unicode char U+00EB (decimal 235)
   defining Unicode char U+00EC (decimal 236)
   defining Unicode char U+00ED (decimal 237)
   defining Unicode char U+00EE (decimal 238)
   defining Unicode char U+00EF (decimal 239)
   defining Unicode char U+00F0 (decimal 240)
   defining Unicode char U+00F1 (decimal 241)
   defining Unicode char U+00F2 (decimal 242)
   defining Unicode char U+00F3 (decimal 243)
   defining Unicode char U+00F4 (decimal 244)
   defining Unicode char U+00F5 (decimal 245)
   defining Unicode char U+00F6 (decimal 246)
   defining Unicode char U+00F8 (decimal 248)
   defining Unicode char U+00F9 (decimal 249)
   defining Unicode char U+00FA (decimal 250)
   defining Unicode char U+00FB (decimal 251)
   defining Unicode char U+00FC (decimal 252)
   defining Unicode char U+00FD (decimal 253)
   defining Unicode char U+00FE (decimal 254)
   defining Unicode char U+00FF (decimal 255)
   defining Unicode char U+0100 (decimal 256)
   defining Unicode char U+0101 (decimal 257)
   defining Unicode char U+0102 (decimal 258)
   defining Unicode char U+0103 (decimal 259)
   defining Unicode char U+0104 (decimal 260)
   defining Unicode char U+0105 (decimal 261)
   defining Unicode char U+0106 (decimal 262)
   defining Unicode char U+0107 (decimal 263)
   defining Unicode char U+0108 (decimal 264)
   defining Unicode char U+0109 (decimal 265)
   defining Unicode char U+010A (decimal 266)
   defining Unicode char U+010B (decimal 267)
   defining Unicode char U+010C (decimal 268)
   defining Unicode char U+010D (decimal 269)
   defining Unicode char U+010E (decimal 270)
   defining Unicode char U+010F (decimal 271)
   defining Unicode char U+0110 (decimal 272)
   defining Unicode char U+0111 (decimal 273)
   defining Unicode char U+0112 (decimal 274)
   defining Unicode char U+0113 (decimal 275)
   defining Unicode char U+0114 (decimal 276)
   defining Unicode char U+0115 (decimal 277)
   defining Unicode char U+0116 (decimal 278)
   defining Unicode char U+0117 (decimal 279)
   defining Unicode char U+0118 (decimal 280)
   defining Unicode char U+0119 (decimal 281)
   defining Unicode char U+011A (decimal 282)
   defining Unicode char U+011B (decimal 283)
   defining Unicode char U+011C (decimal 284)
   defining Unicode char U+011D (decimal 285)
   defining Unicode char U+011E (decimal 286)
   defining Unicode char U+011F (decimal 287)
   defining Unicode char U+0120 (decimal 288)
   defining Unicode char U+0121 (decimal 289)
   defining Unicode char U+0122 (decimal 290)
   defining Unicode char U+0123 (decimal 291)
   defining Unicode char U+0124 (decimal 292)
   defining Unicode char U+0125 (decimal 293)
   defining Unicode char U+0128 (decimal 296)
   defining Unicode char U+0129 (decimal 297)
   defining Unicode char U+012A (decimal 298)
   defining Unicode char U+012B (decimal 299)
   defining Unicode char U+012C (decimal 300)
   defining Unicode char U+012D (decimal 301)
   defining Unicode char U+012E (decimal 302)
   defining Unicode char U+012F (decimal 303)
   defining Unicode char U+0130 (decimal 304)
   defining Unicode char U+0131 (decimal 305)
   defining Unicode char U+0132 (decimal 306)
   defining Unicode char U+0133 (decimal 307)
   defining Unicode char U+0134 (decimal 308)
   defining Unicode char U+0135 (decimal 309)
   defining Unicode char U+0136 (decimal 310)
   defining Unicode char U+0137 (decimal 311)
   defining Unicode char U+0139 (decimal 313)
   defining Unicode char U+013A (decimal 314)
   defining Unicode char U+013B (decimal 315)
   defining Unicode char U+013C (decimal 316)
   defining Unicode char U+013D (decimal 317)
   defining Unicode char U+013E (decimal 318)
   defining Unicode char U+0141 (decimal 321)
   defining Unicode char U+0142 (decimal 322)
   defining Unicode char U+0143 (decimal 323)
   defining Unicode char U+0144 (decimal 324)
   defining Unicode char U+0145 (decimal 325)
   defining Unicode char U+0146 (decimal 326)
   defining Unicode char U+0147 (decimal 327)
   defining Unicode char U+0148 (decimal 328)
   defining Unicode char U+014A (decimal 330)
   defining Unicode char U+014B (decimal 331)
   defining Unicode char U+014C (decimal 332)
   defining Unicode char U+014D (decimal 333)
   defining Unicode char U+014E (decimal 334)
   defining Unicode char U+014F (decimal 335)
   defining Unicode char U+0150 (decimal 336)
   defining Unicode char U+0151 (decimal 337)
   defining Unicode char U+0152 (decimal 338)
   defining Unicode char U+0153 (decimal 339)
   defining Unicode char U+0154 (decimal 340)
   defining Unicode char U+0155 (decimal 341)
   defining Unicode char U+0156 (decimal 342)
   defining Unicode char U+0157 (decimal 343)
   defining Unicode char U+0158 (decimal 344)
   defining Unicode char U+0159 (decimal 345)
   defining Unicode char U+015A (decimal 346)
   defining Unicode char U+015B (decimal 347)
   defining Unicode char U+015C (decimal 348)
   defining Unicode char U+015D (decimal 349)
   defining Unicode char U+015E (decimal 350)
   defining Unicode char U+015F (decimal 351)
   defining Unicode char U+0160 (decimal 352)
   defining Unicode char U+0161 (decimal 353)
   defining Unicode char U+0162 (decimal 354)
   defining Unicode char U+0163 (decimal 355)
   defining Unicode char U+0164 (decimal 356)
   defining Unicode char U+0165 (decimal 357)
   defining Unicode char U+0168 (decimal 360)
   defining Unicode char U+0169 (decimal 361)
   defining Unicode char U+016A (decimal 362)
   defining Unicode char U+016B (decimal 363)
   defining Unicode char U+016C (decimal 364)
   defining Unicode char U+016D (decimal 365)
   defining Unicode char U+016E (decimal 366)
   defining Unicode char U+016F (decimal 367)
   defining Unicode char U+0170 (decimal 368)
   defining Unicode char U+0171 (decimal 369)
   defining Unicode char U+0172 (decimal 370)
   defining Unicode char U+0173 (decimal 371)
   defining Unicode char U+0174 (decimal 372)
   defining Unicode char U+0175 (decimal 373)
   defining Unicode char U+0176 (decimal 374)
   defining Unicode char U+0177 (decimal 375)
   defining Unicode char U+0178 (decimal 376)
   defining Unicode char U+0179 (decimal 377)
   defining Unicode char U+017A (decimal 378)
   defining Unicode char U+017B (decimal 379)
   defining Unicode char U+017C (decimal 380)
   defining Unicode char U+017D (decimal 381)
   defining Unicode char U+017E (decimal 382)
   defining Unicode char U+01CD (decimal 461)
   defining Unicode char U+01CE (decimal 462)
   defining Unicode char U+01CF (decimal 463)
   defining Unicode char U+01D0 (decimal 464)
   defining Unicode char U+01D1 (decimal 465)
   defining Unicode char U+01D2 (decimal 466)
   defining Unicode char U+01D3 (decimal 467)
   defining Unicode char U+01D4 (decimal 468)
   defining Unicode char U+01E2 (decimal 482)
   defining Unicode char U+01E3 (decimal 483)
   defining Unicode char U+01E6 (decimal 486)
   defining Unicode char U+01E7 (decimal 487)
   defining Unicode char U+01E8 (decimal 488)
   defining Unicode char U+01E9 (decimal 489)
   defining Unicode char U+01EA (decimal 490)
   defining Unicode char U+01EB (decimal 491)
   defining Unicode char U+01F0 (decimal 496)
   defining Unicode char U+01F4 (decimal 500)
   defining Unicode char U+01F5 (decimal 501)
   defining Unicode char U+0218 (decimal 536)
   defining Unicode char U+0219 (decimal 537)
   defining Unicode char U+021A (decimal 538)
   defining Unicode char U+021B (decimal 539)
   defining Unicode char U+0232 (decimal 562)
   defining Unicode char U+0233 (decimal 563)
   defining Unicode char U+1E02 (decimal 7682)
   defining Unicode char U+1E03 (decimal 7683)
   defining Unicode char U+200C (decimal 8204)
   defining Unicode char U+2010 (decimal 8208)
   defining Unicode char U+2011 (decimal 8209)
   defining Unicode char U+2012 (decimal 8210)
   defining Unicode char U+2013 (decimal 8211)
   defining Unicode char U+2014 (decimal 8212)
   defining Unicode char U+2015 (decimal 8213)
   defining Unicode char U+2018 (decimal 8216)
   defining Unicode char U+2019 (decimal 8217)
   defining Unicode char U+201A (decimal 8218)
   defining Unicode char U+201C (decimal 8220)
   defining Unicode char U+201D (decimal 8221)
   defining Unicode char U+201E (decimal 8222)
   defining Unicode char U+2030 (decimal 8240)
   defining Unicode char U+2031 (decimal 8241)
   defining Unicode char U+2039 (decimal 8249)
   defining Unicode char U+203A (decimal 8250)
   defining Unicode char U+2423 (decimal 9251)
   defining Unicode char U+1E20 (decimal 7712)
   defining Unicode char U+1E21 (decimal 7713)
)
Now handling font encoding OT1 ...
... processing UTF-8 mapping file for font encoding OT1

(/usr/share/texlive/texmf-dist/tex/latex/base/ot1enc.dfu
File: ot1enc.dfu 2017/01/28 v1.1t UTF-8 support for inputenc
   defining Unicode char U+00A0 (decimal 160)
   defining Unicode char U+00A1 (decimal 161)
   defining Unicode char U+00A3 (decimal 163)
   defining Unicode char U+00AD (decimal 173)
   defining Unicode char U+00B8 (decimal 184)
   defining Unicode char U+00BF (decimal 191)
   defining Unicode char U+00C5 (decimal 197)
   defining Unicode char U+00C6 (decimal 198)
   defining Unicode char U+00D8 (decimal 216)
   defining Unicode char U+00DF (decimal 223)
   defining Unicode char U+00E6 (decimal 230)
   defining Unicode char U+00EC (decimal 236)
   defining Unicode char U+00ED (decimal 237)
   defining Unicode char U+00EE (decimal 238)
   defining Unicode char U+00EF (decimal 239)
   defining Unicode char U+00F8 (decimal 248)
   defining Unicode char U+0131 (decimal 305)
   defining Unicode char U+0141 (decimal 321)
   defining Unicode char U+0142 (decimal 322)
   defining Unicode char U+0152 (decimal 338)
   defining Unicode char U+0153 (decimal 339)
   defining Unicode char U+0174 (decimal 372)
   defining Unicode char U+0175 (decimal 373)
   defining Unicode char U+0176 (decimal 374)
   defining Unicode char U+0177 (decimal 375)
   defining Unicode char U+0218 (decimal 536)
   defining Unicode char U+0219 (decimal 537)
   defining Unicode char U+021A (decimal 538)
   defining Unicode char U+021B (decimal 539)
   defining Unicode char U+2013 (decimal 8211)
   defining Unicode char U+2014 (decimal 8212)
   defining Unicode char U+2018 (decimal 8216)
   defining Unicode char U+2019 (decimal 8217)
   defining Unicode char U+201C (decimal 8220)
   defining Unicode char U+201D (decimal 8221)
)
Now handling font encoding OMS ...
... processing UTF-8 mapping file for font encoding OMS

(/usr/share/texlive/texmf-dist/tex/latex/base/omsenc.dfu
File: omsenc.dfu 2017/01/28 v1.1t UTF-8 support for inputenc
   defining Unicode char U+00A7 (decimal 167)
   defining Unicode char U+00B6 (decimal 182)
   defining Unicode char U+00B7 (decimal 183)
   defining Unicode char U+2020 (decimal 8224)
   defining Unicode char U+2021 (decimal 8225)
   defining Unicode char U+2022 (decimal 8226)
)
Now handling font encoding OMX ...
... no UTF-8 mapping file for font encoding OMX
Now handling font encoding U ...
... no UTF-8 mapping file for font encoding U
   defining Unicode char U+00A9 (decimal 169)
   defining Unicode char U+00AA (decimal 170)
   defining Unicode char U+00AE (decimal 174)
   defining Unicode char U+00BA (decimal 186)
   defining Unicode char U+02C6 (decimal 710)
   defining Unicode char U+02DC (decimal 732)
   defining Unicode char U+200C (decimal 8204)
   defining Unicode char U+2026 (decimal 8230)
   defining Unicode char U+2122 (decimal 8482)
   defining Unicode char U+2423 (decimal 9251)
))
(/usr/share/texlive/texmf-dist/tex/latex/graphics/graphicx.sty
Package: graphicx 2017/06/01 v1.1a Enhanced LaTeX Graphics (DPC,SPQR)

(/usr/share/texlive/texmf-dist/tex/latex/graphics/keyval.sty
Package: keyval 2014/10/28 v1.15 key=value parser (DPC)
\KV@toks@=\toks16
)
(/usr/share/texlive/texmf-dist/tex/latex/graphics/graphics.sty
Package: graphics 2017/06/25 v1.2c Standard LaTeX Graphics (DPC,SPQR)

(/usr/share/texlive/texmf-dist/tex/latex/graphics/trig.sty
Package: trig 2016/01/03 v1.10 sin cos tan (DPC)
)
(/usr/share/texlive/texmf-dist/tex/latex/graphics-cfg/graphics.cfg
File: graphics.cfg 2016/06/04 v1.11 sample graphics configuration
)
Package graphics Info: Driver file: pdftex.def on input line 99.

(/usr/share/texlive/texmf-dist/tex/latex/graphics-def/pdftex.def
File: pdftex.def 2018/01/08 v1.0l Graphics/color driver for pdftex
))
\Gin@req@height=\dimen103
\Gin@req@width=\dimen104
)
(./DocumentoFinal.aux)
\openout1 = `DocumentoFinal.aux'.

LaTeX Font Info:    Checking defaults for OML/cmm/m/it on input line 8.
LaTeX Font Info:    ... okay on input line 8.
LaTeX Font Info:    Checking defaults for T1/cmr/m/n on input line 8.
LaTeX Font Info:    ... okay on input line 8.
LaTeX Font Info:    Checking defaults for OT1/cmr/m/n on input line 8.
LaTeX Font Info:    ... okay on input line 8.
LaTeX Font Info:    Checking defaults for OMS/cmsy/m/n on input line 8.
LaTeX Font Info:    ... okay on input line 8.
LaTeX Font Info:    Checking defaults for OMX/cmex/m/n on input line 8.
LaTeX Font Info:    ... okay on input line 8.
LaTeX Font Info:    Checking defaults for U/cmr/m/n on input line 8.
LaTeX Font Info:    ... okay on input line 8.

(/usr/share/texlive/texmf-dist/tex/context/base/mkii/supp-pdf.mkii
[Loading MPS to PDF converter (version 2006.09.02).]
\scratchcounter=\count87
\scratchdimen=\dimen105
\scratchbox=\box26
\nofMPsegments=\count88
\nofMParguments=\count89
\everyMPshowfont=\toks17
\MPscratchCnt=\count90
\MPscratchDim=\dimen106
\MPnumerator=\count91
\makeMPintoPDFobject=\count92
\everyMPtoPDFconversion=\toks18
) (/usr/share/texlive/texmf-dist/tex/latex/oberdiek/epstopdf-base.sty
Package: epstopdf-base 2016/05/15 v2.6 Base part for package epstopdf

(/usr/share/texlive/texmf-dist/tex/generic/oberdiek/infwarerr.sty
Package: infwarerr 2016/05/16 v1.4 Providing info/warning/error messages (HO)
)
(/usr/share/texlive/texmf-dist/tex/latex/oberdiek/grfext.sty
Package: grfext 2016/05/16 v1.2 Manage graphics extensions (HO)

(/usr/share/texlive/texmf-dist/tex/generic/oberdiek/kvdefinekeys.sty
Package: kvdefinekeys 2016/05/16 v1.4 Define keys (HO)

(/usr/share/texlive/texmf-dist/tex/generic/oberdiek/ltxcmds.sty
Package: ltxcmds 2016/05/16 v1.23 LaTeX kernel commands for general use (HO)
)))
(/usr/share/texlive/texmf-dist/tex/latex/oberdiek/kvoptions.sty
Package: kvoptions 2016/05/16 v3.12 Key value format for package options (HO)

(/usr/share/texlive/texmf-dist/tex/generic/oberdiek/kvsetkeys.sty
Package: kvsetkeys 2016/05/16 v1.17 Key value parser (HO)

(/usr/share/texlive/texmf-dist/tex/generic/oberdiek/etexcmds.sty
Package: etexcmds 2016/05/16 v1.6 Avoid name clashes with e-TeX commands (HO)

(/usr/share/texlive/texmf-dist/tex/generic/oberdiek/ifluatex.sty
Package: ifluatex 2016/05/16 v1.4 Provides the ifluatex switch (HO)
Package ifluatex Info: LuaTeX not detected.
)
Package etexcmds Info: Could not find \expanded.
(etexcmds)             That can mean that you are not using pdfTeX 1.50 or
(etexcmds)             that some package has redefined \expanded.
(etexcmds)             In the latter case, load this package earlier.
)))
(/usr/share/texlive/texmf-dist/tex/generic/oberdiek/pdftexcmds.sty
Package: pdftexcmds 2018/01/21 v0.26 Utility functions of pdfTeX for LuaTeX (HO
)

(/usr/share/texlive/texmf-dist/tex/generic/oberdiek/ifpdf.sty
Package: ifpdf 2017/03/15 v3.2 Provides the ifpdf switch
)
Package pdftexcmds Info: LuaTeX not detected.
Package pdftexcmds Info: \pdf@primitive is available.
Package pdftexcmds Info: \pdf@ifprimitive is available.
Package pdftexcmds Info: \pdfdraftmode found.
)
Package epstopdf-base Info: Redefining graphics rule for `.eps' on input line 4
38.
Package grfext Info: Graphics extension search list:
(grfext)             [.pdf,.png,.jpg,.mps,.jpeg,.jbig2,.jb2,.PDF,.PNG,.JPG,.JPE
G,.JBIG2,.JB2,.eps]
(grfext)             \AppendGraphicsExtensions on input line 456.

(/usr/share/texlive/texmf-dist/tex/latex/latexconfig/epstopdf-sys.cfg
File: epstopdf-sys.cfg 2010/07/13 v1.3 Configuration of (r)epstopdf for TeX Liv
e
))
LaTeX Font Info:    External font `cmex10' loaded for size
(Font)              <14.4> on input line 9.
LaTeX Font Info:    External font `cmex10' loaded for size
(Font)              <7> on input line 9.

[1

{/var/lib/texmf/fonts/map/pdftex/updmap/pdftex.map}]
<Images/DiagramaER.png, id=9, 854.19125pt x 653.44125pt>
File: Images/DiagramaER.png Graphic file (type png)
<use Images/DiagramaER.png>
Package pdftex.def Info: Images/DiagramaER.png  used on input line 52.
(pdftex.def)             Requested size: 341.67046pt x 261.37187pt.
 [2 <./Images/DiagramaER.png>]
<Images/ModeloRelacional.png, id=15, 844.15375pt x 512.91624pt>
File: Images/ModeloRelacional.png Graphic file (type png)
<use Images/ModeloRelacional.png>
Package pdftex.def Info: Images/ModeloRelacional.png  used on input line 67.
(pdftex.def)             Requested size: 337.65552pt x 205.16286pt.
<Images/tabla.png, id=16, 708.6475pt x 273.02pt>
File: Images/tabla.png Graphic file (type png)
<use Images/tabla.png>
Package pdftex.def Info: Images/tabla.png  used on input line 71.
(pdftex.def)             Requested size: 318.88843pt x 122.85786pt.
 [3 <./Images/ModeloRelacional.png> <./Images/tabla.png>]
File: Images/tabla.png Graphic file (type png)
<use Images/tabla.png>
Package pdftex.def Info: Images/tabla.png  used on input line 80.
(pdftex.def)             Requested size: 318.88843pt x 122.85786pt.
<Images/tabla1N.png, id=22, 670.505pt x 435.6275pt>
File: Images/tabla1N.png Graphic file (type png)
<use Images/tabla1N.png>
Package pdftex.def Info: Images/tabla1N.png  used on input line 91.
(pdftex.def)             Requested size: 301.72446pt x 196.03056pt.
 [4 <./Images/tabla1N.png>]
Overfull \hbox (0.55316pt too wide) in paragraph at lines 96--97
\OT1/cmr/m/n/12 ten^^S^^Pa para to-dos los atrib-u-tos de-pen-den-cias par-cial
es en Id[]prod y Cod[]Barras
 []

<Images/tabla2N.png, id=27, 676.5275pt x 498.86375pt>
File: Images/tabla2N.png Graphic file (type png)
<use Images/tabla2N.png>
Package pdftex.def Info: Images/tabla2N.png  used on input line 100.
(pdftex.def)             Requested size: 304.43456pt x 224.4866pt.

Overfull \hbox (9.44392pt too wide) in paragraph at lines 105--106
[]\OT1/cmr/m/n/12 Para la ter-cera forma nor-mal se de-ter-mino que en la tabla
 Pro-ducto[]Detalles
 []

<Images/tabla3N.png, id=28, 642.4pt x 542.025pt>
File: Images/tabla3N.png Graphic file (type png)
<use Images/tabla3N.png>
Package pdftex.def Info: Images/tabla3N.png  used on input line 108.
(pdftex.def)             Requested size: 256.95544pt x 216.80615pt.
[5 <./Images/tabla2N.png>]
<Images/req1.png, id=33, 743.77875pt x 237.88875pt>
File: Images/req1.png Graphic file (type png)
<use Images/req1.png>
Package pdftex.def Info: Images/req1.png  used on input line 124.
(pdftex.def)             Requested size: 371.88846pt x 118.94408pt.
 [6 <./Images/tabla3N.png> <./Images/req1.png>]
<Images/req22.png, id=39, 1020.81375pt x 308.15125pt>
File: Images/req22.png Graphic file (type png)
<use Images/req22.png>
Package pdftex.def Info: Images/req22.png  used on input line 134.
(pdftex.def)             Requested size: 408.31827pt x 123.2583pt.

Overfull \hbox (18.31827pt too wide) in paragraph at lines 134--135
 [] 
 []

<Images/req23.png, id=40, 1086.0575pt x 358.33875pt>
File: Images/req23.png Graphic file (type png)
<use Images/req23.png>
Package pdftex.def Info: Images/req23.png  used on input line 140.
(pdftex.def)             Requested size: 434.4153pt x 143.33296pt.

Overfull \hbox (44.4153pt too wide) in paragraph at lines 140--141
 [] 
 []

<Images/req2.png, id=41, 867.24pt x 365.365pt>
File: Images/req2.png Graphic file (type png)
<use Images/req2.png>
Package pdftex.def Info: Images/req2.png  used on input line 146.
(pdftex.def)             Requested size: 346.88986pt x 146.1434pt.
[7 <./Images/req22.png> <./Images/req23.png>]
<Images/req26.png, id=48, 914.41624pt x 623.32875pt>
File: Images/req26.png Graphic file (type png)
<use Images/req26.png>
Package pdftex.def Info: Images/req26.png  used on input line 155.
(pdftex.def)             Requested size: 365.76003pt x 249.32707pt.
<Images/req24.png, id=49, 1053.9375pt x 219.82124pt>
File: Images/req24.png Graphic file (type png)
<use Images/req24.png>
Package pdftex.def Info: Images/req24.png  used on input line 162.
(pdftex.def)             Requested size: 421.56754pt x 87.92693pt.

Overfull \hbox (31.56754pt too wide) in paragraph at lines 162--163
 [] 
 []

[8 <./Images/req2.png> <./Images/req26.png>]
<Images/req3.png, id=55, 1205.50375pt x 324.21124pt>
File: Images/req3.png Graphic file (type png)
<use Images/req3.png>
Package pdftex.def Info: Images/req3.png  used on input line 171.
(pdftex.def)             Requested size: 421.93263pt x 113.47563pt.

Overfull \hbox (31.93263pt too wide) in paragraph at lines 171--172
 [] 
 []

<Images/req456.png, id=56, 1171.37625pt x 454.69875pt>
File: Images/req456.png Graphic file (type png)
<use Images/req456.png>
Package pdftex.def Info: Images/req456.png  used on input line 194.
(pdftex.def)             Requested size: 409.98782pt x 159.14694pt.

Overfull \hbox (19.98782pt too wide) in paragraph at lines 194--195
 [] 
 []

[9 <./Images/req24.png> <./Images/req3.png>]
<Images/utlidad_function.png, id=62, 341.275pt x 101.37875pt>
File: Images/utlidad_function.png Graphic file (type png)
<use Images/utlidad_function.png>
Package pdftex.def Info: Images/utlidad_function.png  used on input line 208.
(pdftex.def)             Requested size: 255.95561pt x 76.03386pt.
<Images/venta_prev.png, id=63, 485.815pt x 163.61125pt>
File: Images/venta_prev.png Graphic file (type png)
<use Images/venta_prev.png>
Package pdftex.def Info: Images/venta_prev.png  used on input line 225.
(pdftex.def)             Requested size: 242.9069pt x 81.80542pt.
 [10 <./Images/req456.png> <./Images/utlidad_function.png>]
<Images/crear_venta.png, id=69, 321.2pt x 93.34875pt>
File: Images/crear_venta.png Graphic file (type png)
<use Images/crear_venta.png>
Package pdftex.def Info: Images/crear_venta.png  used on input line 229.
(pdftex.def)             Requested size: 160.59961pt x 46.67426pt.
<Images/venta_after.png, id=70, 559.08875pt x 446.66875pt>
File: Images/venta_after.png Graphic file (type png)
<use Images/venta_after.png>
Package pdftex.def Info: Images/venta_after.png  used on input line 235.
(pdftex.def)             Requested size: 279.54369pt x 223.33382pt.
<Images/inventario_prev.png, id=71, 492.84125pt x 508.90125pt>
File: Images/inventario_prev.png Graphic file (type png)
<use Images/inventario_prev.png>
Package pdftex.def Info: Images/inventario_prev.png  used on input line 241.
(pdftex.def)             Requested size: 246.42001pt x 254.45pt.
 [11 <./Images/venta_prev.png> <./Images/crear_venta.png> <./Images/venta_after
.png>]
<Images/agregar_prod.png, id=78, 453.695pt x 103.38625pt>
File: Images/agregar_prod.png Graphic file (type png)
<use Images/agregar_prod.png>
Package pdftex.def Info: Images/agregar_prod.png  used on input line 247.
(pdftex.def)             Requested size: 317.58434pt x 72.36987pt.
<Images/trigger_disminuir_stock.png, id=79, 490.83376pt x 521.95pt>
File: Images/trigger_disminuir_stock.png Graphic file (type png)
<use Images/trigger_disminuir_stock.png>
Package pdftex.def Info: Images/trigger_disminuir_stock.png  used on input line
 253.
(pdftex.def)             Requested size: 245.41628pt x 260.97435pt.
 [12 <./Images/inventario_prev.png> <./Images/agregar_prod.png>]
<Images/agregar_prod_insuficiente.png, id=85, 458.71375pt x 119.44624pt>
File: Images/agregar_prod_insuficiente.png Graphic file (type png)
<use Images/agregar_prod_insuficiente.png>
Package pdftex.def Info: Images/agregar_prod_insuficiente.png  used on input li
ne 259.
(pdftex.def)             Requested size: 229.35631pt x 59.72296pt.
<Images/inventario_stock_insuficiente.png, id=86, 520.94624pt x 538.01pt>
File: Images/inventario_stock_insuficiente.png Graphic file (type png)
<use Images/inventario_stock_insuficiente.png>
Package pdftex.def Info: Images/inventario_stock_insuficiente.png  used on inpu
t line 265.
(pdftex.def)             Requested size: 260.47249pt x 269.00433pt.
 [13 <./Images/trigger_disminuir_stock.png> <./Images/agregar_prod_insuficiente
.png>]
<Images/venta_detalles_after_agregar.png, id=93, 564.1075pt x 280.04625pt>
File: Images/venta_detalles_after_agregar.png Graphic file (type png)
<use Images/venta_detalles_after_agregar.png>
Package pdftex.def Info: Images/venta_detalles_after_agregar.png  used on input
 line 271.
(pdftex.def)             Requested size: 282.05305pt x 140.02277pt.
 [14 <./Images/inventario_stock_insuficiente.png> <./Images/venta_detalles_afte
r_agregar.png>]
<Images/3_periodo_venta_simple.png, id=99, 649.42625pt x 533.995pt>
File: Images/3_periodo_venta_simple.png Graphic file (type png)
<use Images/3_periodo_venta_simple.png>
Package pdftex.def Info: Images/3_periodo_venta_simple.png  used on input line 
279.
(pdftex.def)             Requested size: 324.71233pt x 266.99684pt.
<Images/4_inventario_prod_escasos.png, id=100, 523.9575pt x 520.94624pt>
File: Images/4_inventario_prod_escasos.png Graphic file (type png)
<use Images/4_inventario_prod_escasos.png>
Package pdftex.def Info: Images/4_inventario_prod_escasos.png  used on input li
ne 290.
(pdftex.def)             Requested size: 261.9781pt x 260.47249pt.
 [15 <./Images/3_periodo_venta_simple.png>]
<Images/4_prod_escasos.png, id=105, 461.725pt x 126.4725pt>
File: Images/4_prod_escasos.png Graphic file (type png)
<use Images/4_prod_escasos.png>
Package pdftex.def Info: Images/4_prod_escasos.png  used on input line 294.
(pdftex.def)             Requested size: 230.86194pt x 63.23608pt.
<Images/5_factura_1.png, id=106, 460.72125pt x 62.2325pt>
File: Images/5_factura_1.png Graphic file (type png)
<use Images/5_factura_1.png>
Package pdftex.def Info: Images/5_factura_1.png  used on input line 304.
(pdftex.def)             Requested size: 230.36006pt x 31.11617pt.
<Images/5_factura_2.png, id=107, 1365.1pt x 157.58875pt>
File: Images/5_factura_2.png Graphic file (type png)
<use Images/5_factura_2.png>
Package pdftex.def Info: Images/5_factura_2.png  used on input line 308.
(pdftex.def)             Requested size: 477.79216pt x 55.15688pt.

Overfull \hbox (87.79216pt too wide) in paragraph at lines 308--309
 [] 
 []

[16 <./Images/4_inventario_prod_escasos.png> <./Images/4_prod_escasos.png> <./I
mages/5_factura_1.png> <./Images/5_factura_2.png>]
<Images/web_cliente_prev.png, id=115, 851.18pt x 337.26pt>
File: Images/web_cliente_prev.png Graphic file (type png)
<use Images/web_cliente_prev.png>
Package pdftex.def Info: Images/web_cliente_prev.png  used on input line 322.
(pdftex.def)             Requested size: 425.58894pt x 168.62958pt.

Overfull \hbox (35.58894pt too wide) in paragraph at lines 322--323
 [] 
 []

<Images/web_menu.png, id=116, 903.375pt x 551.05875pt>
File: Images/web_menu.png Graphic file (type png)
<use Images/web_menu.png>
Package pdftex.def Info: Images/web_menu.png  used on input line 329.
(pdftex.def)             Requested size: 451.6864pt x 275.52869pt.

Overfull \hbox (61.6864pt too wide) in paragraph at lines 329--330
 [] 
 []

[17 <./Images/web_cliente_prev.png>]
<Images/web_cliente_datos.png, id=121, 477.785pt x 297.11pt>
File: Images/web_cliente_datos.png Graphic file (type png)
<use Images/web_cliente_datos.png>
Package pdftex.def Info: Images/web_cliente_datos.png  used on input line 333.
(pdftex.def)             Requested size: 238.8919pt x 148.55463pt.
<Images/web_cliente_after.png, id=122, 941.5175pt x 330.23375pt>
File: Images/web_cliente_after.png Graphic file (type png)
<use Images/web_cliente_after.png>
Package pdftex.def Info: Images/web_cliente_after.png  used on input line 339.
(pdftex.def)             Requested size: 470.7576pt x 165.11646pt.

Overfull \hbox (80.7576pt too wide) in paragraph at lines 339--340
 [] 
 []

[18 <./Images/web_menu.png> <./Images/web_cliente_datos.png>]
<Images/web_venta_prev_1.png, id=128, 486.81876pt x 311.1625pt>
File: Images/web_venta_prev_1.png Graphic file (type png)
<use Images/web_venta_prev_1.png>
Package pdftex.def Info: Images/web_venta_prev_1.png  used on input line 348.
(pdftex.def)             Requested size: 243.40878pt x 155.58087pt.
<Images/web_venta_prev_2.png, id=129, 461.725pt x 304.13625pt>
File: Images/web_venta_prev_2.png Graphic file (type png)
<use Images/web_venta_prev_2.png>
Package pdftex.def Info: Images/web_venta_prev_2.png  used on input line 352.
(pdftex.def)             Requested size: 230.86194pt x 152.06775pt.
<Images/web_venta_agregar.png, id=130, 904.37875pt x 495.8525pt>
File: Images/web_venta_agregar.png Graphic file (type png)
<use Images/web_venta_agregar.png>
Package pdftex.def Info: Images/web_venta_agregar.png  used on input line 358.
(pdftex.def)             Requested size: 452.18828pt x 247.92564pt.

Overfull \hbox (62.18828pt too wide) in paragraph at lines 358--359
 [] 
 []

[19 <./Images/web_cliente_after.png> <./Images/web_venta_prev_1.png> <./Images/
web_venta_prev_2.png>]
<Images/web_venta_res.png, id=138, 900.36375pt x 594.22pt>
File: Images/web_venta_res.png Graphic file (type png)
<use Images/web_venta_res.png>
Package pdftex.def Info: Images/web_venta_res.png  used on input line 366.
(pdftex.def)             Requested size: 450.18077pt x 297.10927pt.

Overfull \hbox (60.18077pt too wide) in paragraph at lines 366--367
 [] 
 []

[20 <./Images/web_venta_agregar.png>]
<Images/web_venta_after.png, id=143, 516.93124pt x 317.185pt>
File: Images/web_venta_after.png Graphic file (type png)
<use Images/web_venta_after.png>
Package pdftex.def Info: Images/web_venta_after.png  used on input line 372.
(pdftex.def)             Requested size: 258.46498pt x 158.5921pt.
<Images/web_venta_detalles_after.png, id=144, 594.22pt x 276.03125pt>
File: Images/web_venta_detalles_after.png Graphic file (type png)
<use Images/web_venta_detalles_after.png>
Package pdftex.def Info: Images/web_venta_detalles_after.png  used on input lin
e 376.
(pdftex.def)             Requested size: 297.10927pt x 138.01527pt.
 [21 <./Images/web_venta_res.png> <./Images/web_venta_after.png>] [22 <./Images
/web_venta_detalles_after.png>] [23]
(./DocumentoFinal.aux) ) 
Here is how much of TeX's memory you used:
 1927 strings out of 494880
 28147 string characters out of 6179601
 76246 words of memory out of 5000000
 5211 multiletter control sequences out of 15000+600000
 5457 words of font info for 20 fonts, out of 8000000 for 9000
 36 hyphenation exceptions out of 8191
 41i,6n,25p,684b,189s stack positions out of 5000i,500n,10000p,200000b,80000s
</usr/share/texlive/texmf-dist/fonts/type1/public/amsfo
nts/cm/cmbx12.pfb></usr/share/texlive/texmf-dist/fonts/type1/public/amsfonts/cm
/cmr12.pfb></usr/share/texlive/texmf-dist/fonts/type1/public/amsfonts/cm/cmr17.
pfb>
Output written on DocumentoFinal.pdf (23 pages, 1188853 bytes).
PDF statistics:
 169 PDF objects out of 1000 (max. 8388607)
 62 compressed objects within 1 object stream
 0 named destinations out of 1000 (max. 500000)
 196 words of extra memory for PDF output out of 10000 (max. 10000000)

